<?xml version="1.0" encoding="UTF-8"?>
<!-- Generated by org.testng.reporters.JUnitReportReporter -->
<testsuite hostname="DESKTOP-5TI5U47" failures="0" tests="1" name="day8.useinterface" time="0.422" errors="0" timestamp="2024-11-27T19:31:18 IST" skipped="0">
  <testcase classname="day8.useinterface" name="EnterData" time="0.422"/>
  <system-out/>
</testsuite> <!-- day8.useinterface -->
