<?xml version="1.0" encoding="UTF-8"?>
<!-- Generated by org.testng.reporters.JUnitReportReporter -->
<testsuite hostname="DESKTOP-5TI5U47" failures="0" tests="2" name="report.MainPage" time="5.159" errors="0" timestamp="2024-11-18T19:55:29 IST" skipped="0">
  <testcase classname="report.MainPage" name="clicksign" time="3.014"/>
  <system-out/>
  <testcase classname="report.MainPage" name="signup" time="2.145"/>
  <system-out/>
</testsuite> <!-- report.MainPage -->
