<?xml version="1.0" encoding="UTF-8"?>
<!-- Generated by org.testng.reporters.JUnitReportReporter -->
<testsuite hostname="DESKTOP-5TI5U47" failures="0" tests="1" name="day1.testnnew" time="9.180" errors="0" timestamp="2024-11-14T17:39:44 IST" skipped="0">
  <testcase classname="day1.testnnew" name="OpenPage" time="9.180"/>
  <system-out/>
</testsuite> <!-- day1.testnnew -->
