<?xml version="1.0" encoding="UTF-8"?>
<!-- Generated by org.testng.reporters.JUnitReportReporter -->
<testsuite hostname="DESKTOP-5TI5U47" failures="0" tests="3" name="day6.depends" time="14.352" errors="0" timestamp="2024-11-21T19:47:01 IST" skipped="0">
  <testcase classname="day6.depends" name="signup" time="2.299"/>
  <system-out/>
  <testcase classname="day6.depends" name="loginpage" time="0.206"/>
  <system-out/>
  <testcase classname="day6.depends" name="homepage" time="11.847"/>
  <system-out/>
</testsuite> <!-- day6.depends -->
