<?xml version="1.0" encoding="UTF-8"?>
<!-- Generated by org.testng.reporters.JUnitReportReporter -->
<testsuite hostname="DESKTOP-5TI5U47" failures="0" tests="1" name="day7.scroll" time="19.213" errors="0" timestamp="2024-11-23T19:03:13 IST" skipped="0">
  <testcase classname="day7.scroll" name="webpage" time="19.213"/>
  <system-out/>
</testsuite> <!-- day7.scroll -->
