<?xml version="1.0" encoding="UTF-8"?>
<!-- Generated by org.testng.reporters.JUnitReportReporter -->
<testsuite hostname="DESKTOP-5TI5U47" failures="0" tests="4" name="day5.Login" time="10.765" errors="0" timestamp="2024-11-21T19:26:31 IST" skipped="0">
  <testcase classname="day5.Login" name="A" time="4.288"/>
  <system-out/>
  <testcase classname="day5.Login" name="A" time="5.581"/>
  <system-out/>
  <testcase classname="day5.Login" name="B" time="0.607"/>
  <system-out/>
  <testcase classname="day5.Login" name="B" time="0.289"/>
  <system-out/>
</testsuite> <!-- day5.Login -->
